<?xml version="1.0" encoding="UTF-8"?>
<!-- Generated by org.testng.reporters.JUnitReportReporter -->
<testsuite hostname="DESKTOP-DJ3II4P" failures="0" tests="1" name="jenkins1.cc" time="0.032" errors="0" timestamp="16 Jul 2022 20:32:26 GMT">
  <testcase classname="jenkins1.cc" name="abc" time="0.032"/>
</testsuite> <!-- jenkins1.cc -->
