<?xml version="1.0" encoding="UTF-8"?>
<!-- Generated by org.testng.reporters.JUnitReportReporter -->
<testsuite hostname="DESKTOP-DJ3II4P" failures="0" tests="1" name="jenkins1.cc" time="0.033" errors="0" timestamp="17 Jul 2022 06:33:45 GMT">
  <testcase classname="jenkins1.cc" name="abc" time="0.033"/>
</testsuite> <!-- jenkins1.cc -->
